#
# A fatal error has been detected by the Java Runtime Environment:
#
#  Internal Error (javaClasses.cpp:129), pid=3344, tid=1176
#  fatal error: Invalid layout of preloaded class
#
# JRE version: 7.0_25-b17
# Java VM: Java HotSpot(TM) 64-Bit Server VM (23.25-b01 mixed mode windows-amd64 compressed oops)
# Failed to write core dump. Minidumps are not enabled by default on client versions of Windows
#
# If you would like to submit a bug report, please visit:
#   http://bugreport.sun.com/bugreport/crash.jsp
#

---------------  T H R E A D  ---------------

Current thread (0x00000000024ac000):  JavaThread "Unknown thread" [_thread_in_vm, id=1176, stack(0x0000000002fa0000,0x00000000030a0000)]

Stack: [0x0000000002fa0000,0x00000000030a0000]

---------------  P R O C E S S  ---------------

Java Threads: ( => current thread )

Other Threads:

=>0x00000000024ac000 (exited) JavaThread "Unknown thread" [_thread_in_vm, id=1176, stack(0x0000000002fa0000,0x00000000030a0000)]

VM state:not at safepoint (not fully initialized)

VM Mutex/Monitor currently owned by a thread: None

GC Heap History (0 events):
No events

Deoptimization events (0 events):
No events

Internal exceptions (0 events):
No events

Events (10 events):
Event: 0.028 loading class 0x000000000252f9a0 done
Event: 0.029 loading class 0x00000000024f0e80 done
Event: 0.029 loading class 0x00000000024f0e50
Event: 0.029 loading class 0x000000000934cdd0
Event: 0.029 loading class 0x000000000934cdd0 done
Event: 0.029 loading class 0x000000000934ce10
Event: 0.029 loading class 0x000000000934ce10 done
Event: 0.029 loading class 0x000000000934f1a0
Event: 0.029 loading class 0x000000000934f1a0 done
Event: 0.030 loading class 0x00000000024f0e50 done


Dynamic libraries:
0x000000013fa60000 - 0x000000013fa93000 	C:\Program Files\Java\jre7\bin\javaw.exe
0x0000000076fc0000 - 0x0000000077169000 	C:\Windows\SYSTEM32\ntdll.dll
0x0000000076ea0000 - 0x0000000076fbf000 	C:\Windows\system32\kernel32.dll
0x000007fefd0c0000 - 0x000007fefd12b000 	C:\Windows\system32\KERNELBASE.dll
0x000007feff010000 - 0x000007feff0eb000 	C:\Windows\system32\ADVAPI32.dll
0x000007fefe1b0000 - 0x000007fefe24f000 	C:\Windows\system32\msvcrt.dll
0x000007fefe000000 - 0x000007fefe01f000 	C:\Windows\SYSTEM32\sechost.dll
0x000007fefe2b0000 - 0x000007fefe3dd000 	C:\Windows\system32\RPCRT4.dll
0x0000000076da0000 - 0x0000000076e9a000 	C:\Windows\system32\USER32.dll
0x000007fefe590000 - 0x000007fefe5f7000 	C:\Windows\system32\GDI32.dll
0x000007fefe500000 - 0x000007fefe50e000 	C:\Windows\system32\LPK.dll
0x000007feff200000 - 0x000007feff2c9000 	C:\Windows\system32\USP10.dll
0x000007fefb040000 - 0x000007fefb234000 	C:\Windows\WinSxS\amd64_microsoft.windows.common-controls_6595b64144ccf1df_6.0.7601.17514_none_fa396087175ac9ac\COMCTL32.dll
0x000007fefe480000 - 0x000007fefe4f1000 	C:\Windows\system32\SHLWAPI.dll
0x000007fefe180000 - 0x000007fefe1ae000 	C:\Windows\system32\IMM32.DLL
0x000007feff0f0000 - 0x000007feff1f9000 	C:\Windows\system32\MSCTF.dll
0x000007fefcd50000 - 0x000007fefcd96000 	C:\Windows\system32\nvinitx.dll
0x000000000f000000 - 0x000000000f006000 	C:\Program Files\NVIDIA Corporation\CoProcManager\_etoured.dll
0x000007fef9170000 - 0x000007fef91c5000 	C:\Program Files\NVIDIA Corporation\CoProcManager\nvd3d9wrapx.dll
0x000007fefe880000 - 0x000007fefea57000 	C:\Windows\system32\SETUPAPI.dll
0x000007fefd180000 - 0x000007fefd1b6000 	C:\Windows\system32\CFGMGR32.dll
0x000007fefef30000 - 0x000007feff007000 	C:\Windows\system32\OLEAUT32.dll
0x000007fefed20000 - 0x000007fefef23000 	C:\Windows\system32\ole32.dll
0x000007fefcfc0000 - 0x000007fefcfda000 	C:\Windows\system32\DEVOBJ.dll
0x000007fef9120000 - 0x000007fef915d000 	C:\Program Files\NVIDIA Corporation\CoProcManager\nvdxgiwrapx.dll
0x0000000072bd0000 - 0x0000000072ca1000 	C:\Program Files\Java\jre7\bin\msvcr100.dll
0x00000000025b0000 - 0x0000000002cbf000 	C:\Program Files\Java\jre7\bin\server\jvm.dll
0x000007fef01b0000 - 0x000007fef01b9000 	C:\Windows\system32\WSOCK32.dll
0x000007fefe600000 - 0x000007fefe64d000 	C:\Windows\system32\WS2_32.dll
0x000007fefed10000 - 0x000007fefed18000 	C:\Windows\system32\NSI.dll
0x000007fef9c30000 - 0x000007fef9c6b000 	C:\Windows\system32\WINMM.dll
0x0000000077180000 - 0x0000000077187000 	C:\Windows\system32\PSAPI.DLL
0x0000000073100000 - 0x000000007310f000 	C:\Program Files\Java\jre7\bin\verify.dll
0x0000000073030000 - 0x0000000073058000 	C:\Program Files\Java\jre7\bin\java.dll
0x0000000072ef0000 - 0x0000000072f05000 	C:\Program Files\Java\jre7\bin\zip.dll

VM Arguments:
jvm_args: -Dfile.encoding=MS949 -Xbootclasspath:D:\adt-bundle-windows-x86_64-20130522 (1)\adt-bundle-windows-x86_64-20130522\sdk\platforms\android-17\android.jar 
java_command: org.thinker.oss.PositionTest
Launcher Type: SUN_STANDARD

Environment Variables:
PATH=C:\Program Files (x86)\NVIDIA Corporation\PhysX\Common;C:\Windows\system32;C:\Windows;C:\Windows\System32\Wbem;C:\Windows\System32\WindowsPowerShell\v1.0\;C:\Program Files (x86)\Intel\OpenCL SDK\2.0\bin\x86;C:\Program Files (x86)\Intel\OpenCL SDK\2.0\bin\x64;C:\Program Files (x86)\Microsoft SQL Server\100\Tools\Binn\;C:\Program Files\Microsoft SQL Server\100\Tools\Binn\;C:\Program Files\Microsoft SQL Server\100\DTS\Binn\;.;;.;
USERNAME=Subin
OS=Windows_NT
PROCESSOR_IDENTIFIER=Intel64 Family 6 Model 42 Stepping 7, GenuineIntel



---------------  S Y S T E M  ---------------

OS: Windows 7 , 64 bit Build 7601 Service Pack 1

CPU:total 4 (2 cores per cpu, 2 threads per core) family 6 model 42 stepping 7, cmov, cx8, fxsr, mmx, sse, sse2, sse3, ssse3, sse4.1, sse4.2, popcnt, avx, ht, tsc, tscinvbit

Memory: 4k page, physical 4104488k(1581160k free), swap 8207116k(4981544k free)

vm_info: Java HotSpot(TM) 64-Bit Server VM (23.25-b01) for windows-amd64 JRE (1.7.0_25-b17), built on Jun 21 2013 12:58:32 by "java_re" with unknown MS VC++:1600

time: Sat Aug 17 16:11:04 2013
elapsed time: 0 seconds

